{
  "stats": {
    "suites": 1,
    "tests": 2,
    "passes": 0,
    "pending": 0,
    "failures": 2,
    "start": "2021-10-04T22:12:19.372Z",
    "end": "2021-10-04T22:12:19.505Z",
    "duration": 133,
    "testsRegistered": 2,
    "passPercent": 0,
    "pendingPercent": 0,
    "other": 0,
    "hasOther": false,
    "skipped": 0,
    "hasSkipped": false
  },
  "results": [
    {
      "uuid": "a6b39b71-490a-400b-b0b2-541e7312df9b",
      "title": "",
      "fullFile": "cypress/integration/VerifyEnv.spec.js",
      "file": "cypress/integration/VerifyEnv.spec.js",
      "beforeHooks": [],
      "afterHooks": [],
      "tests": [],
      "suites": [
        {
          "uuid": "298a46fa-08c2-4237-addd-e59e73c76b59",
          "title": "2 - Verifica as variáveis de ambiente do frontend",
          "fullFile": "",
          "file": "",
          "beforeHooks": [],
          "afterHooks": [],
          "tests": [
            {
              "title": "Será validado se as variáveis do hawkins existem",
              "fullTitle": "2 - Verifica as variáveis de ambiente do frontend Será validado se as variáveis do hawkins existem",
              "timedOut": null,
              "duration": 65,
              "state": "failed",
              "speed": null,
              "pass": false,
              "fail": true,
              "pending": false,
              "context": null,
              "code": "expect(Cypress.env(REACT_APP_HAWKINS_URL)).to.exist;\nexpect(Cypress.env(REACT_APP_HAWKINS_TIMEOUT)).to.exist;",
              "err": {
                "message": "AssertionError: expected undefined to exist",
                "estack": "AssertionError: expected undefined to exist\n    at Context.eval (http://localhost:43151/__cypress/tests?p=cypress/integration/VerifyEnv.spec.js:105:50)",
                "diff": null
              },
              "uuid": "2bfaa399-bfa8-4ec0-be95-5e23f94c62ac",
              "parentUUID": "298a46fa-08c2-4237-addd-e59e73c76b59",
              "isHook": false,
              "skipped": false
            },
            {
              "title": "Será validado se as variáveis do upsidesown existem",
              "fullTitle": "2 - Verifica as variáveis de ambiente do frontend Será validado se as variáveis do upsidesown existem",
              "timedOut": null,
              "duration": 25,
              "state": "failed",
              "speed": null,
              "pass": false,
              "fail": true,
              "pending": false,
              "context": null,
              "code": "expect(Cypress.env(REACT_APP_UPSIDEDOWN_URL)).to.exist;\nexpect(Cypress.env(REACT_APP_UPSIDEDOWN_TIMEOUT)).to.exist;",
              "err": {
                "message": "AssertionError: expected undefined to exist",
                "estack": "AssertionError: expected undefined to exist\n    at Context.eval (http://localhost:43151/__cypress/tests?p=cypress/integration/VerifyEnv.spec.js:109:53)",
                "diff": null
              },
              "uuid": "3ff98cf4-8081-418f-a739-f6ad3699dd7b",
              "parentUUID": "298a46fa-08c2-4237-addd-e59e73c76b59",
              "isHook": false,
              "skipped": false
            }
          ],
          "suites": [],
          "passes": [],
          "failures": [
            "2bfaa399-bfa8-4ec0-be95-5e23f94c62ac",
            "3ff98cf4-8081-418f-a739-f6ad3699dd7b"
          ],
          "pending": [],
          "skipped": [],
          "duration": 90,
          "root": false,
          "rootEmpty": false,
          "_timeout": 2000
        }
      ],
      "passes": [],
      "failures": [],
      "pending": [],
      "skipped": [],
      "duration": 0,
      "root": true,
      "rootEmpty": true,
      "_timeout": 2000
    }
  ],
  "meta": {
    "mocha": {
      "version": "7.0.1"
    },
    "mochawesome": {
      "options": {
        "quiet": false,
        "reportFilename": "mochawesome",
        "saveHtml": false,
        "saveJson": true,
        "consoleReporter": "spec",
        "useInlineDiffs": false
      },
      "version": "4.1.0"
    },
    "marge": {
      "options": {
        "id": "default",
        "reportDir": "cypress/reports",
        "overwrite": false,
        "html": false,
        "json": true
      },
      "version": "4.1.0"
    }
  }
}