{
  "stats": {
    "suites": 1,
    "tests": 4,
    "passes": 4,
    "pending": 0,
    "failures": 0,
    "start": "2021-09-30T18:17:54.251Z",
    "end": "2021-09-30T18:18:09.182Z",
    "duration": 14931,
    "testsRegistered": 4,
    "passPercent": 100,
    "pendingPercent": 0,
    "other": 0,
    "hasOther": false,
    "skipped": 0,
    "hasSkipped": false
  },
  "results": [
    {
      "uuid": "a528d540-33d1-4d4d-84cc-7b9d71937d25",
      "title": "",
      "fullFile": "cypress/integration/herokuDeploy.spec.js",
      "file": "cypress/integration/herokuDeploy.spec.js",
      "beforeHooks": [],
      "afterHooks": [],
      "tests": [],
      "suites": [
        {
          "uuid": "aec56b92-90c6-4ac3-af6e-32a8438d53cc",
          "title": "1 - Verifica se foi feito o deploy do frontend no Heroku",
          "fullFile": "",
          "file": "",
          "beforeHooks": [],
          "afterHooks": [],
          "tests": [
            {
              "title": "Será validado que o botão de mudar de realidade existe",
              "fullTitle": "1 - Verifica se foi feito o deploy do frontend no Heroku Será validado que o botão de mudar de realidade existe",
              "timedOut": null,
              "duration": 9004,
              "state": "passed",
              "speed": "slow",
              "pass": true,
              "fail": false,
              "pending": false,
              "context": null,
              "code": "cy.get(\".change-reality\").should(\"exist\");",
              "err": {},
              "uuid": "d7fb4a84-8b83-4bde-bbaa-8d70f7e55bd4",
              "parentUUID": "aec56b92-90c6-4ac3-af6e-32a8438d53cc",
              "isHook": false,
              "skipped": false
            },
            {
              "title": "Será validado que a pesquisa funciona como deveria",
              "fullTitle": "1 - Verifica se foi feito o deploy do frontend no Heroku Será validado que a pesquisa funciona como deveria",
              "timedOut": null,
              "duration": 2100,
              "state": "passed",
              "speed": "slow",
              "pass": true,
              "fail": false,
              "pending": false,
              "context": null,
              "code": "cy.contains(PESQUISAR).click();\ncy.contains(MARTIN).should(\"exist\");",
              "err": {},
              "uuid": "44cc68a4-441a-4fcf-888d-9e1f08aa9af0",
              "parentUUID": "aec56b92-90c6-4ac3-af6e-32a8438d53cc",
              "isHook": false,
              "skipped": false
            },
            {
              "title": "Será validado que o botão de mudar de realidade funciona.",
              "fullTitle": "1 - Verifica se foi feito o deploy do frontend no Heroku Será validado que o botão de mudar de realidade funciona.",
              "timedOut": null,
              "duration": 1117,
              "state": "passed",
              "speed": "slow",
              "pass": true,
              "fail": false,
              "pending": false,
              "context": null,
              "code": "cy.contains(\"Mudar de Realidade\").click();\ncy.contains(PESQUISAR).click();\ncy.contains(INVERTED_MARTIN).should(\"exist\");",
              "err": {},
              "uuid": "79161db7-80bf-4a4b-8f21-d4757e242de8",
              "parentUUID": "aec56b92-90c6-4ac3-af6e-32a8438d53cc",
              "isHook": false,
              "skipped": false
            },
            {
              "title": "Será validado que os botões de próxima página e página anterior funcionam",
              "fullTitle": "1 - Verifica se foi feito o deploy do frontend no Heroku Será validado que os botões de próxima página e página anterior funcionam",
              "timedOut": null,
              "duration": 1023,
              "state": "passed",
              "speed": "slow",
              "pass": true,
              "fail": false,
              "pending": false,
              "context": null,
              "code": "cy.contains(PESQUISAR).click();\ncy.contains(MARTIN).should(\"exist\");\ncy.contains(\"Próximo\").click();\ncy.contains(\"2\").should(\"exist\");\ncy.contains(Claudia).should(\"exist\");\ncy.contains(\"Anterior\").click();\ncy.contains(\"1\").should(\"exist\");\ncy.contains(MARTIN).should(\"exist\");",
              "err": {},
              "uuid": "ddeba7ce-a5eb-4c0c-8068-7119e9cbe6f6",
              "parentUUID": "aec56b92-90c6-4ac3-af6e-32a8438d53cc",
              "isHook": false,
              "skipped": false
            }
          ],
          "suites": [],
          "passes": [
            "d7fb4a84-8b83-4bde-bbaa-8d70f7e55bd4",
            "44cc68a4-441a-4fcf-888d-9e1f08aa9af0",
            "79161db7-80bf-4a4b-8f21-d4757e242de8",
            "ddeba7ce-a5eb-4c0c-8068-7119e9cbe6f6"
          ],
          "failures": [],
          "pending": [],
          "skipped": [],
          "duration": 13244,
          "root": false,
          "rootEmpty": false,
          "_timeout": 2000
        }
      ],
      "passes": [],
      "failures": [],
      "pending": [],
      "skipped": [],
      "duration": 0,
      "root": true,
      "rootEmpty": true,
      "_timeout": 2000
    }
  ],
  "meta": {
    "mocha": {
      "version": "7.0.1"
    },
    "mochawesome": {
      "options": {
        "quiet": false,
        "reportFilename": "mochawesome",
        "saveHtml": false,
        "saveJson": true,
        "consoleReporter": "spec",
        "useInlineDiffs": false
      },
      "version": "4.1.0"
    },
    "marge": {
      "options": {
        "id": "default",
        "reportDir": "cypress/reports",
        "overwrite": false,
        "html": false,
        "json": true
      },
      "version": "4.1.0"
    }
  }
}