{
  "stats": {
    "suites": 1,
    "tests": 4,
    "passes": 4,
    "pending": 0,
    "failures": 0,
    "start": "2021-10-05T02:27:50.156Z",
    "end": "2021-10-05T02:27:59.334Z",
    "duration": 9178,
    "testsRegistered": 4,
    "passPercent": 100,
    "pendingPercent": 0,
    "other": 0,
    "hasOther": false,
    "skipped": 0,
    "hasSkipped": false
  },
  "results": [
    {
      "uuid": "49edd99e-e67d-4d9d-8e18-934b4697cc88",
      "title": "",
      "fullFile": "cypress/integration/herokuDeploy.spec.js",
      "file": "cypress/integration/herokuDeploy.spec.js",
      "beforeHooks": [],
      "afterHooks": [],
      "tests": [],
      "suites": [
        {
          "uuid": "be811fd3-52ea-4e81-ac6b-3957f63762d5",
          "title": "1 - Verifica se foi feito o deploy do frontend no Heroku",
          "fullFile": "",
          "file": "",
          "beforeHooks": [],
          "afterHooks": [],
          "tests": [
            {
              "title": "Será validado que o botão de mudar de realidade existe",
              "fullTitle": "1 - Verifica se foi feito o deploy do frontend no Heroku Será validado que o botão de mudar de realidade existe",
              "timedOut": null,
              "duration": 2708,
              "state": "passed",
              "speed": "slow",
              "pass": true,
              "fail": false,
              "pending": false,
              "context": null,
              "code": "cy.get(\".change-reality\").should(\"exist\");",
              "err": {},
              "uuid": "c5868780-8509-4908-8cca-60f261b3284c",
              "parentUUID": "be811fd3-52ea-4e81-ac6b-3957f63762d5",
              "isHook": false,
              "skipped": false
            },
            {
              "title": "Será validado que a pesquisa funciona como deveria",
              "fullTitle": "1 - Verifica se foi feito o deploy do frontend no Heroku Será validado que a pesquisa funciona como deveria",
              "timedOut": null,
              "duration": 1695,
              "state": "passed",
              "speed": "slow",
              "pass": true,
              "fail": false,
              "pending": false,
              "context": null,
              "code": "cy.contains(PESQUISAR).click();\ncy.contains(MARTIN).should(\"exist\");",
              "err": {},
              "uuid": "364178cc-abfb-481d-af4f-ebe45efcedb3",
              "parentUUID": "be811fd3-52ea-4e81-ac6b-3957f63762d5",
              "isHook": false,
              "skipped": false
            },
            {
              "title": "Será validado que o botão de mudar de realidade funciona.",
              "fullTitle": "1 - Verifica se foi feito o deploy do frontend no Heroku Será validado que o botão de mudar de realidade funciona.",
              "timedOut": null,
              "duration": 1371,
              "state": "passed",
              "speed": "slow",
              "pass": true,
              "fail": false,
              "pending": false,
              "context": null,
              "code": "cy.contains(\"Mudar de Realidade\").click();\ncy.contains(PESQUISAR).click();\ncy.contains(INVERTED_MARTIN).should(\"exist\");",
              "err": {},
              "uuid": "82b535e6-f199-4311-8ef7-08477f4c6775",
              "parentUUID": "be811fd3-52ea-4e81-ac6b-3957f63762d5",
              "isHook": false,
              "skipped": false
            },
            {
              "title": "Será validado que os botões de próxima página e página anterior funcionam",
              "fullTitle": "1 - Verifica se foi feito o deploy do frontend no Heroku Será validado que os botões de próxima página e página anterior funcionam",
              "timedOut": null,
              "duration": 1312,
              "state": "passed",
              "speed": "slow",
              "pass": true,
              "fail": false,
              "pending": false,
              "context": null,
              "code": "cy.contains(PESQUISAR).click();\ncy.contains(MARTIN).should(\"exist\");\ncy.contains(\"Próximo\").click();\ncy.contains(\"2\").should(\"exist\");\ncy.contains(Claudia).should(\"exist\");\ncy.contains(\"Anterior\").click();\ncy.contains(\"1\").should(\"exist\");\ncy.contains(MARTIN).should(\"exist\");",
              "err": {},
              "uuid": "d564bc4a-2747-47a3-bac8-d97745589f2f",
              "parentUUID": "be811fd3-52ea-4e81-ac6b-3957f63762d5",
              "isHook": false,
              "skipped": false
            }
          ],
          "suites": [],
          "passes": [
            "c5868780-8509-4908-8cca-60f261b3284c",
            "364178cc-abfb-481d-af4f-ebe45efcedb3",
            "82b535e6-f199-4311-8ef7-08477f4c6775",
            "d564bc4a-2747-47a3-bac8-d97745589f2f"
          ],
          "failures": [],
          "pending": [],
          "skipped": [],
          "duration": 7086,
          "root": false,
          "rootEmpty": false,
          "_timeout": 2000
        }
      ],
      "passes": [],
      "failures": [],
      "pending": [],
      "skipped": [],
      "duration": 0,
      "root": true,
      "rootEmpty": true,
      "_timeout": 2000
    }
  ],
  "meta": {
    "mocha": {
      "version": "7.0.1"
    },
    "mochawesome": {
      "options": {
        "quiet": false,
        "reportFilename": "mochawesome",
        "saveHtml": false,
        "saveJson": true,
        "consoleReporter": "spec",
        "useInlineDiffs": false
      },
      "version": "4.1.0"
    },
    "marge": {
      "options": {
        "id": "default",
        "reportDir": "cypress/reports",
        "overwrite": false,
        "html": false,
        "json": true
      },
      "version": "4.1.0"
    }
  }
}